Start testing: Nov 16 18:42 Беларусь (зима)
----------------------------------------------------------
1/3 Testing: ArrayFormatting.HandlesEmptyVector
1/3 Test: ArrayFormatting.HandlesEmptyVector
Command: "D:/VS/OS/os-lab-3/build/tests/runTests.exe" "--gtest_filter=ArrayFormatting.HandlesEmptyVector" "--gtest_also_run_disabled_tests"
Directory: D:/VS/OS/os-lab-3/build/tests
"ArrayFormatting.HandlesEmptyVector" start time: Nov 16 18:42 Беларусь (зима)
Output:
----------------------------------------------------------
Running main() from D:\VS\OS\os-lab-3\build\_deps\googletest-src\googletest\src\gtest_main.cc
Note: Google Test filter = ArrayFormatting.HandlesEmptyVector
[==========] Running 1 test from 1 test suite.
[----------] Global test environment set-up.
[----------] 1 test from ArrayFormatting
[ RUN      ] ArrayFormatting.HandlesEmptyVector
[       OK ] ArrayFormatting.HandlesEmptyVector (0 ms)
[----------] 1 test from ArrayFormatting (0 ms total)

[----------] Global test environment tear-down
[==========] 1 test from 1 test suite ran. (0 ms total)
[  PASSED  ] 1 test.
<end of output>
Test time =   0.01 sec
----------------------------------------------------------
Test Passed.
"ArrayFormatting.HandlesEmptyVector" end time: Nov 16 18:42 Беларусь (зима)
"ArrayFormatting.HandlesEmptyVector" time elapsed: 00:00:00
----------------------------------------------------------

2/3 Testing: ArrayFormatting.HandlesSingleElementVector
2/3 Test: ArrayFormatting.HandlesSingleElementVector
Command: "D:/VS/OS/os-lab-3/build/tests/runTests.exe" "--gtest_filter=ArrayFormatting.HandlesSingleElementVector" "--gtest_also_run_disabled_tests"
Directory: D:/VS/OS/os-lab-3/build/tests
"ArrayFormatting.HandlesSingleElementVector" start time: Nov 16 18:42 Беларусь (зима)
Output:
----------------------------------------------------------
Running main() from D:\VS\OS\os-lab-3\build\_deps\googletest-src\googletest\src\gtest_main.cc
Note: Google Test filter = ArrayFormatting.HandlesSingleElementVector
[==========] Running 1 test from 1 test suite.
[----------] Global test environment set-up.
[----------] 1 test from ArrayFormatting
[ RUN      ] ArrayFormatting.HandlesSingleElementVector
[       OK ] ArrayFormatting.HandlesSingleElementVector (0 ms)
[----------] 1 test from ArrayFormatting (0 ms total)

[----------] Global test environment tear-down
[==========] 1 test from 1 test suite ran. (0 ms total)
[  PASSED  ] 1 test.
<end of output>
Test time =   0.02 sec
----------------------------------------------------------
Test Passed.
"ArrayFormatting.HandlesSingleElementVector" end time: Nov 16 18:42 Беларусь (зима)
"ArrayFormatting.HandlesSingleElementVector" time elapsed: 00:00:00
----------------------------------------------------------

3/3 Testing: ArrayFormatting.HandlesMultipleElementsVector
3/3 Test: ArrayFormatting.HandlesMultipleElementsVector
Command: "D:/VS/OS/os-lab-3/build/tests/runTests.exe" "--gtest_filter=ArrayFormatting.HandlesMultipleElementsVector" "--gtest_also_run_disabled_tests"
Directory: D:/VS/OS/os-lab-3/build/tests
"ArrayFormatting.HandlesMultipleElementsVector" start time: Nov 16 18:42 Беларусь (зима)
Output:
----------------------------------------------------------
Running main() from D:\VS\OS\os-lab-3\build\_deps\googletest-src\googletest\src\gtest_main.cc
Note: Google Test filter = ArrayFormatting.HandlesMultipleElementsVector
[==========] Running 1 test from 1 test suite.
[----------] Global test environment set-up.
[----------] 1 test from ArrayFormatting
[ RUN      ] ArrayFormatting.HandlesMultipleElementsVector
[       OK ] ArrayFormatting.HandlesMultipleElementsVector (0 ms)
[----------] 1 test from ArrayFormatting (0 ms total)

[----------] Global test environment tear-down
[==========] 1 test from 1 test suite ran. (0 ms total)
[  PASSED  ] 1 test.
<end of output>
Test time =   0.02 sec
----------------------------------------------------------
Test Passed.
"ArrayFormatting.HandlesMultipleElementsVector" end time: Nov 16 18:42 Беларусь (зима)
"ArrayFormatting.HandlesMultipleElementsVector" time elapsed: 00:00:00
----------------------------------------------------------

End testing: Nov 16 18:42 Беларусь (зима)
